topic4/build/outputs/logs/manifest-merger-debug-report.txt
-- Merging decision tree log ---
manifest
ADDED from src\main\AndroidManifest.xml:2:1-173:12
	package
		ADDED from src\main\AndroidManifest.xml:3:5-25
		INJECTED from src\main\AndroidManifest.xml
		INJECTED from src\main\AndroidManifest.xml
	android:versionName
		ADDED from src\main\AndroidManifest.xml:5:5-30
		INJECTED from src\main\AndroidManifest.xml
		INJECTED from src\main\AndroidManifest.xml
	android:versionCode
		ADDED from src\main\AndroidManifest.xml:4:5-28
		INJECTED from src\main\AndroidManifest.xml
		INJECTED from src\main\AndroidManifest.xml
	xmlns:android
		ADDED from src\main\AndroidManifest.xml:2:11-69
uses-permission#android.permission.FLASHLIGHT
ADDED from src\main\AndroidManifest.xml:7:5-68
	android:name
		ADDED from src\main\AndroidManifest.xml:7:22-66
uses-permission#android.permission.VIBRATE
ADDED from src\main\AndroidManifest.xml:8:5-66
	android:name
		ADDED from src\main\AndroidManifest.xml:8:22-63
uses-permission#android.permission.READ_CONTACTS
ADDED from src\main\AndroidManifest.xml:9:5-72
	android:name
		ADDED from src\main\AndroidManifest.xml:9:22-69
application
ADDED from src\main\AndroidManifest.xml:11:5-171:19
MERGED from [com.android.support:appcompat-v7:25.4.0] AndroidManifest.xml:25:5-29:19
MERGED from [com.android.support:support-v4:25.4.0] AndroidManifest.xml:25:5-29:19
MERGED from [com.android.support:support-fragment:25.4.0] AndroidManifest.xml:25:5-29:19
MERGED from [com.android.support:support-media-compat:25.4.0] AndroidManifest.xml:25:5-29:19
MERGED from [com.android.support:support-core-utils:25.4.0] AndroidManifest.xml:25:5-29:19
MERGED from [com.android.support:animated-vector-drawable:25.4.0] AndroidManifest.xml:22:5-26:19
MERGED from [com.android.support:support-vector-drawable:25.4.0] AndroidManifest.xml:22:5-26:19
MERGED from [com.android.support:support-core-ui:25.4.0] AndroidManifest.xml:25:5-29:19
MERGED from [com.android.support:support-compat:25.4.0] AndroidManifest.xml:25:5-29:19
	android:label
		ADDED from src\main\AndroidManifest.xml:14:9-41
	android:allowBackup
		ADDED from src\main\AndroidManifest.xml:12:9-36
	android:icon
		ADDED from src\main\AndroidManifest.xml:13:9-45
activity#mad.topic4.notification.NotificationDisplay
ADDED from src\main\AndroidManifest.xml:15:9-23:20
	android:label
		ADDED from src\main\AndroidManifest.xml:18:13-55
	android:excludeFromRecents
		ADDED from src\main\AndroidManifest.xml:17:13-46
	android:noHistory
		ADDED from src\main\AndroidManifest.xml:19:13-37
	android:taskAffinity
		ADDED from src\main\AndroidManifest.xml:20:13-36
	android:name
		ADDED from src\main\AndroidManifest.xml:16:13-71
activity#mad.topic4.notification.StatusBarNotifications
ADDED from src\main\AndroidManifest.xml:24:9-34:20
	android:label
		ADDED from src\main\AndroidManifest.xml:26:13-49
	android:launchMode
		ADDED from src\main\AndroidManifest.xml:27:13-43
	android:name
		ADDED from src\main\AndroidManifest.xml:25:13-74
intent-filter#android.intent.action.MAIN+android.intent.category.DEFAULT+android.intent.category.LAUNCHER
ADDED from src\main\AndroidManifest.xml:28:13-33:29
action#android.intent.action.MAIN
ADDED from src\main\AndroidManifest.xml:29:17-69
	android:name
		ADDED from src\main\AndroidManifest.xml:29:25-66
category#android.intent.category.LAUNCHER
ADDED from src\main\AndroidManifest.xml:31:17-77
	android:name
		ADDED from src\main\AndroidManifest.xml:31:27-74
category#android.intent.category.DEFAULT
ADDED from src\main\AndroidManifest.xml:32:17-76
	android:name
		ADDED from src\main\AndroidManifest.xml:32:27-73
activity#mad.topic4.actionbar.NavActionBarActivity
ADDED from src\main\AndroidManifest.xml:35:9-45:20
	android:label
		ADDED from src\main\AndroidManifest.xml:37:13-47
	android:launchMode
		ADDED from src\main\AndroidManifest.xml:38:13-43
	android:theme
		ADDED from src\main\AndroidManifest.xml:39:13-63
	android:name
		ADDED from src\main\AndroidManifest.xml:36:13-69
activity#mad.topic4.dialog.AlertDialogSamples
ADDED from src\main\AndroidManifest.xml:47:9-55:20
	android:label
		ADDED from src\main\AndroidManifest.xml:49:13-49
	android:name
		ADDED from src\main\AndroidManifest.xml:48:13-64
intent-filter#android.intent.action.MAIN+android.intent.category.LAUNCHER
ADDED from src\main\AndroidManifest.xml:50:13-54:29
activity#mad.topic4.dialog.fragment.AlertDialogSamplesFragmentActivity
ADDED from src\main\AndroidManifest.xml:56:9-64:20
	android:label
		ADDED from src\main\AndroidManifest.xml:58:13-57
	android:name
		ADDED from src\main\AndroidManifest.xml:57:13-89
activity#mad.topic4.menu.MenuTestActivity
ADDED from src\main\AndroidManifest.xml:65:9-73:20
	android:label
		ADDED from src\main\AndroidManifest.xml:67:13-52
	android:name
		ADDED from src\main\AndroidManifest.xml:66:13-60
activity#mad.topic4.menu.MenuActivity
ADDED from src\main\AndroidManifest.xml:76:9-85:20
	android:label
		ADDED from src\main\AndroidManifest.xml:78:13-47
	android:name
		ADDED from src\main\AndroidManifest.xml:77:13-56
activity#mad.topic4.gesture.GestureActivity
ADDED from src\main\AndroidManifest.xml:86:9-93:20
	android:label
		ADDED from src\main\AndroidManifest.xml:88:13-50
	android:name
		ADDED from src\main\AndroidManifest.xml:87:13-62
activity#mad.topic4.menu.refactored.actionbar.MenuTestActivity
ADDED from src\main\AndroidManifest.xml:94:9-101:20
	android:label
		ADDED from src\main\AndroidManifest.xml:96:13-62
	android:name
		ADDED from src\main\AndroidManifest.xml:95:13-81
activity#mad.topic4.menu.refactored.actionbar.MenuActivity
ADDED from src\main\AndroidManifest.xml:103:9-111:20
	android:label
		ADDED from src\main\AndroidManifest.xml:105:13-57
	android:name
		ADDED from src\main\AndroidManifest.xml:104:13-77
activity#mad.topic4.actionbar.ActionBarMechanics
ADDED from src\main\AndroidManifest.xml:113:9-122:20
	android:enabled
		ADDED from src\main\AndroidManifest.xml:115:13-53
	android:label
		ADDED from src\main\AndroidManifest.xml:116:13-57
	android:name
		ADDED from src\main\AndroidManifest.xml:114:13-67
intent-filter#android.intent.action.MAIN+android.intent.category.SAMPLE_CODE
ADDED from src\main\AndroidManifest.xml:117:13-121:29
category#android.intent.category.SAMPLE_CODE
ADDED from src\main\AndroidManifest.xml:120:17-80
	android:name
		ADDED from src\main\AndroidManifest.xml:120:27-77
activity#mad.topic4.actionbar.ActionBarUsage
ADDED from src\main\AndroidManifest.xml:123:9-132:20
	android:enabled
		ADDED from src\main\AndroidManifest.xml:125:13-53
	android:label
		ADDED from src\main\AndroidManifest.xml:126:13-53
	android:name
		ADDED from src\main\AndroidManifest.xml:124:13-63
activity#mad.topic4.actionbar.ActionBarDisplayOptions
ADDED from src\main\AndroidManifest.xml:133:9-142:20
	android:enabled
		ADDED from src\main\AndroidManifest.xml:135:13-53
	android:label
		ADDED from src\main\AndroidManifest.xml:136:13-63
	android:logo
		ADDED from src\main\AndroidManifest.xml:137:13-57
	android:name
		ADDED from src\main\AndroidManifest.xml:134:13-72
activity#mad.topic4.actionbar.ActionBarSettingsActionProviderActivity
ADDED from src\main\AndroidManifest.xml:143:9-151:20
	android:enabled
		ADDED from src\main\AndroidManifest.xml:145:13-60
	android:label
		ADDED from src\main\AndroidManifest.xml:146:13-72
	android:name
		ADDED from src\main\AndroidManifest.xml:144:13-88
activity#mad.topic4.actionbar.ActionBarShareActionProviderActivity
ADDED from src\main\AndroidManifest.xml:152:9-161:20
	android:enabled
		ADDED from src\main\AndroidManifest.xml:154:13-60
	android:label
		ADDED from src\main\AndroidManifest.xml:155:13-69
	android:name
		ADDED from src\main\AndroidManifest.xml:153:13-85
activity#mad.topic4.actionbar.deprecated.ActionBarTabsActivity
ADDED from src\main\AndroidManifest.xml:162:9-170:20
	android:label
		ADDED from src\main\AndroidManifest.xml:164:13-57
	android:name
		ADDED from src\main\AndroidManifest.xml:163:13-81
uses-sdk
INJECTED from src\main\AndroidManifest.xml reason: use-sdk injection requested
MERGED from [com.android.support:appcompat-v7:25.4.0] AndroidManifest.xml:21:5-23:78
MERGED from [com.android.support:support-v4:25.4.0] AndroidManifest.xml:21:5-23:54
MERGED from [com.android.support:support-fragment:25.4.0] AndroidManifest.xml:21:5-23:60
MERGED from [com.android.support:support-media-compat:25.4.0] AndroidManifest.xml:21:5-23:63
MERGED from [com.android.support:support-core-utils:25.4.0] AndroidManifest.xml:21:5-23:61
MERGED from [com.android.support:animated-vector-drawable:25.4.0] AndroidManifest.xml:20:5-44
MERGED from [com.android.support:support-vector-drawable:25.4.0] AndroidManifest.xml:20:5-43
MERGED from [com.android.support:support-core-ui:25.4.0] AndroidManifest.xml:21:5-23:58
MERGED from [com.android.support:support-compat:25.4.0] AndroidManifest.xml:21:5-23:58
	tools:overrideLibrary
		ADDED from [com.android.support:appcompat-v7:25.4.0] AndroidManifest.xml:23:9-75
	android:targetSdkVersion
		INJECTED from src\main\AndroidManifest.xml
		INJECTED from src\main\AndroidManifest.xml
	android:minSdkVersion
		INJECTED from src\main\AndroidManifest.xml
		INJECTED from src\main\AndroidManifest.xml
meta-data#android.support.VERSION
ADDED from [com.android.support:appcompat-v7:25.4.0] AndroidManifest.xml:26:9-28:38
MERGED from [com.android.support:support-v4:25.4.0] AndroidManifest.xml:26:9-28:38
MERGED from [com.android.support:support-fragment:25.4.0] AndroidManifest.xml:26:9-28:38
MERGED from [com.android.support:support-media-compat:25.4.0] AndroidManifest.xml:26:9-28:38
MERGED from [com.android.support:support-core-utils:25.4.0] AndroidManifest.xml:26:9-28:38
MERGED from [com.android.support:animated-vector-drawable:25.4.0] AndroidManifest.xml:23:9-25:38
MERGED from [com.android.support:support-vector-drawable:25.4.0] AndroidManifest.xml:23:9-25:38
MERGED from [com.android.support:support-core-ui:25.4.0] AndroidManifest.xml:26:9-28:38
MERGED from [com.android.support:support-compat:25.4.0] AndroidManifest.xml:26:9-28:38
	android:value
		ADDED from [com.android.support:appcompat-v7:25.4.0] AndroidManifest.xml:28:13-35
	android:name
		ADDED from [com.android.support:appcompat-v7:25.4.0] AndroidManifest.xml:27:13-51